[2019-11-06 21:22:03,532] TRACE [Controller id=0 epoch=1] Changed partition bar-0 state from NonExistentPartition to NewPartition with assigned replicas 0 (state.change.logger)
[2019-11-06 21:22:03,533] TRACE [Controller id=0 epoch=1] Changed state of replica 0 for partition bar-0 from NonExistentReplica to NewReplica (state.change.logger)
[2019-11-06 21:22:03,536] TRACE [Controller id=0 epoch=1] Changed partition bar-0 from NewPartition to OnlinePartition with state LeaderAndIsr(leader=0, leaderEpoch=0, isr=List(0), zkVersion=0) (state.change.logger)
[2019-11-06 21:22:03,536] TRACE [Controller id=0 epoch=1] Sending become-leader LeaderAndIsr request PartitionState(controllerEpoch=1, leader=0, leaderEpoch=0, isr=0, zkVersion=0, replicas=0, isNew=true) to broker 0 for partition bar-0 (state.change.logger)
[2019-11-06 21:22:03,536] TRACE [Controller id=0 epoch=1] Sending UpdateMetadata request PartitionState(controllerEpoch=1, leader=0, leaderEpoch=0, isr=[0], zkVersion=0, replicas=[0], offlineReplicas=[]) to brokers Set(0) for partition bar-0 (state.change.logger)
[2019-11-06 21:22:03,537] TRACE [Controller id=0 epoch=1] Changed state of replica 0 for partition bar-0 from NewReplica to OnlineReplica (state.change.logger)
[2019-11-06 21:22:03,539] TRACE [Controller id=0 epoch=1] Changed partition foo-0 state from NonExistentPartition to NewPartition with assigned replicas 0 (state.change.logger)
[2019-11-06 21:22:03,539] TRACE [Broker id=0] Received LeaderAndIsr request PartitionState(controllerEpoch=1, leader=0, leaderEpoch=0, isr=0, zkVersion=0, replicas=0, isNew=true) correlation id 11 from controller 0 epoch 1 for partition bar-0 (state.change.logger)
[2019-11-06 21:22:03,539] TRACE [Controller id=0 epoch=1] Changed state of replica 0 for partition foo-0 from NonExistentReplica to NewReplica (state.change.logger)
[2019-11-06 21:22:03,540] TRACE [Broker id=0] Handling LeaderAndIsr request correlationId 11 from controller 0 epoch 1 starting the become-leader transition for partition bar-0 (state.change.logger)
[2019-11-06 21:22:03,543] TRACE [Controller id=0 epoch=1] Changed partition foo-0 from NewPartition to OnlinePartition with state LeaderAndIsr(leader=0, leaderEpoch=0, isr=List(0), zkVersion=0) (state.change.logger)
[2019-11-06 21:22:03,543] TRACE [Controller id=0 epoch=1] Sending become-leader LeaderAndIsr request PartitionState(controllerEpoch=1, leader=0, leaderEpoch=0, isr=0, zkVersion=0, replicas=0, isNew=true) to broker 0 for partition foo-0 (state.change.logger)
[2019-11-06 21:22:03,543] TRACE [Controller id=0 epoch=1] Sending UpdateMetadata request PartitionState(controllerEpoch=1, leader=0, leaderEpoch=0, isr=[0], zkVersion=0, replicas=[0], offlineReplicas=[]) to brokers Set(0) for partition foo-0 (state.change.logger)
[2019-11-06 21:22:03,544] TRACE [Controller id=0 epoch=1] Changed state of replica 0 for partition foo-0 from NewReplica to OnlineReplica (state.change.logger)
[2019-11-06 21:22:03,548] TRACE [Broker id=0] Stopped fetchers as part of become-leader request from controller 0 epoch 1 with correlation id 11 for partition bar-0 (last update controller epoch 1) (state.change.logger)
[2019-11-06 21:22:03,548] TRACE [Broker id=0] Completed LeaderAndIsr request correlationId 11 from controller 0 epoch 1 for the become-leader transition for partition bar-0 (state.change.logger)
[2019-11-06 21:22:03,548] TRACE [Controller id=0 epoch=1] Received response {error_code=0,partitions=[{topic=bar,partition=0,error_code=0}]} for request LEADER_AND_ISR with correlation id 11 sent to broker 192.168.0.100:9092 (id: 0 rack: null) (state.change.logger)
[2019-11-06 21:22:03,549] TRACE [Broker id=0] Cached leader info PartitionState(controllerEpoch=1, leader=0, leaderEpoch=0, isr=[0], zkVersion=0, replicas=[0], offlineReplicas=[]) for partition bar-0 in response to UpdateMetadata request sent by controller 0 epoch 1 with correlation id 12 (state.change.logger)
[2019-11-06 21:22:03,549] TRACE [Controller id=0 epoch=1] Received response {error_code=0} for request UPDATE_METADATA with correlation id 12 sent to broker 192.168.0.100:9092 (id: 0 rack: null) (state.change.logger)
[2019-11-06 21:22:03,549] TRACE [Broker id=0] Received LeaderAndIsr request PartitionState(controllerEpoch=1, leader=0, leaderEpoch=0, isr=0, zkVersion=0, replicas=0, isNew=true) correlation id 13 from controller 0 epoch 1 for partition foo-0 (state.change.logger)
[2019-11-06 21:22:03,550] TRACE [Broker id=0] Handling LeaderAndIsr request correlationId 13 from controller 0 epoch 1 starting the become-leader transition for partition foo-0 (state.change.logger)
[2019-11-06 21:22:03,554] TRACE [Broker id=0] Stopped fetchers as part of become-leader request from controller 0 epoch 1 with correlation id 13 for partition foo-0 (last update controller epoch 1) (state.change.logger)
[2019-11-06 21:22:03,554] TRACE [Broker id=0] Completed LeaderAndIsr request correlationId 13 from controller 0 epoch 1 for the become-leader transition for partition foo-0 (state.change.logger)
[2019-11-06 21:22:03,555] TRACE [Controller id=0 epoch=1] Received response {error_code=0,partitions=[{topic=foo,partition=0,error_code=0}]} for request LEADER_AND_ISR with correlation id 13 sent to broker 192.168.0.100:9092 (id: 0 rack: null) (state.change.logger)
[2019-11-06 21:22:03,555] TRACE [Broker id=0] Cached leader info PartitionState(controllerEpoch=1, leader=0, leaderEpoch=0, isr=[0], zkVersion=0, replicas=[0], offlineReplicas=[]) for partition foo-0 in response to UpdateMetadata request sent by controller 0 epoch 1 with correlation id 14 (state.change.logger)
[2019-11-06 21:22:03,555] TRACE [Controller id=0 epoch=1] Received response {error_code=0} for request UPDATE_METADATA with correlation id 14 sent to broker 192.168.0.100:9092 (id: 0 rack: null) (state.change.logger)
